0 info it worked if it ends with ok
1 verbose cli [ '/usr/local/nvm/versions/node/v10.14.2/bin/node',
1 verbose cli   '/usr/local/nvm/versions/node/v10.14.2/bin/npm',
1 verbose cli   'start' ]
2 info using npm@6.4.1
3 info using node@v10.14.2
4 verbose run-script [ 'prestart', 'start', 'poststart' ]
5 info lifecycle sample@1.0.0~prestart: sample@1.0.0
6 info lifecycle sample@1.0.0~start: sample@1.0.0
7 verbose lifecycle sample@1.0.0~start: unsafe-perm in lifecycle true
8 verbose lifecycle sample@1.0.0~start: PATH: /usr/local/nvm/versions/node/v10.14.2/lib/node_modules/npm/node_modules/npm-lifecycle/node-gyp-bin:/home/attendee117/sample-master/external/node_modules/.bin:/home/attendee117/gopath/bin:/google/gopath/bin:/home/attendee117/.gems/bin:/usr/local/go/bin:/opt/gradle/bin:/opt/maven/bin:/google/google-cloud-sdk/bin:/usr/local/sbin:/usr/local/bin:/usr/sbin:/usr/bin:/sbin:/bin:/usr/local/nvm/versions/node/v10.14.2/bin:/google/go_appengine:/google/google_appengine
9 verbose lifecycle sample@1.0.0~start: CWD: /home/attendee117/sample-master/external
10 silly lifecycle sample@1.0.0~start: Args: [ '-c', 'SERVER=http://localhost:8082 node server.js' ]
11 silly lifecycle sample@1.0.0~start: Returned: code: 1  signal: null
12 info lifecycle sample@1.0.0~start: Failed to exec start script
13 verbose stack Error: sample@1.0.0 start: `SERVER=http://localhost:8082 node server.js`
13 verbose stack Exit status 1
13 verbose stack     at EventEmitter.<anonymous> (/usr/local/nvm/versions/node/v10.14.2/lib/node_modules/npm/node_modules/npm-lifecycle/index.js:301:16)
13 verbose stack     at EventEmitter.emit (events.js:182:13)
13 verbose stack     at ChildProcess.<anonymous> (/usr/local/nvm/versions/node/v10.14.2/lib/node_modules/npm/node_modules/npm-lifecycle/lib/spawn.js:55:14)
13 verbose stack     at ChildProcess.emit (events.js:182:13)
13 verbose stack     at maybeClose (internal/child_process.js:962:16)
13 verbose stack     at Process.ChildProcess._handle.onexit (internal/child_process.js:251:5)
14 verbose pkgid sample@1.0.0
15 verbose cwd /home/attendee117/sample-master/external
16 verbose Linux 4.19.87+
17 verbose argv "/usr/local/nvm/versions/node/v10.14.2/bin/node" "/usr/local/nvm/versions/node/v10.14.2/bin/npm" "start"
18 verbose node v10.14.2
19 verbose npm  v6.4.1
20 error code ELIFECYCLE
21 error errno 1
22 error sample@1.0.0 start: `SERVER=http://localhost:8082 node server.js`
22 error Exit status 1
23 error Failed at the sample@1.0.0 start script.
23 error This is probably not a problem with npm. There is likely additional logging output above.
24 verbose exit [ 1, true ]
